0 info it worked if it ends with ok
1 verbose cli [ '/usr/local/bin/node', '/usr/local/bin/npm', 'start' ]
2 info using npm@3.7.1
3 info using node@v4.1.2
4 verbose run-script [ 'prestart', 'start', 'poststart' ]
5 info lifecycle YUEZHU-WIT@0.0.1~prestart: YUEZHU-WIT@0.0.1
6 silly lifecycle YUEZHU-WIT@0.0.1~prestart: no script for prestart, continuing
7 info lifecycle YUEZHU-WIT@0.0.1~start: YUEZHU-WIT@0.0.1
8 verbose lifecycle YUEZHU-WIT@0.0.1~start: unsafe-perm in lifecycle true
9 verbose lifecycle YUEZHU-WIT@0.0.1~start: PATH: /usr/local/lib/node_modules/npm/bin/node-gyp-bin:/Users/Joey/Desktop/AllyPowersIntro/node_modules/.bin:/usr/local/bin:/Users/Joey/Documents/memcached-1.4.24:/Users/Joey/Documents/memcached-1.4.24:usr/local/lib/node_modules/express:/usr/local/Cellar/mongodb/3.0.6:/Users/Joey/Downloads/play-2.2.6:/usr/local/bin:/usr/bin:/bin:/usr/sbin:/sbin:/opt/X11/bin:/usr/local/go/bin:/Users/Joey/.rvm/bin:/usr/local/go/bin:/usr/local/mysql/bin
10 verbose lifecycle YUEZHU-WIT@0.0.1~start: CWD: /Users/Joey/Desktop/AllyPowersIntro
11 silly lifecycle YUEZHU-WIT@0.0.1~start: Args: [ '-c', 'gulp' ]
12 silly lifecycle YUEZHU-WIT@0.0.1~start: Returned: code: 1  signal: null
13 info lifecycle YUEZHU-WIT@0.0.1~start: Failed to exec start script
14 verbose stack Error: YUEZHU-WIT@0.0.1 start: `gulp`
14 verbose stack Exit status 1
14 verbose stack     at EventEmitter.<anonymous> (/usr/local/lib/node_modules/npm/lib/utils/lifecycle.js:239:16)
14 verbose stack     at emitTwo (events.js:87:13)
14 verbose stack     at EventEmitter.emit (events.js:172:7)
14 verbose stack     at ChildProcess.<anonymous> (/usr/local/lib/node_modules/npm/lib/utils/spawn.js:24:14)
14 verbose stack     at emitTwo (events.js:87:13)
14 verbose stack     at ChildProcess.emit (events.js:172:7)
14 verbose stack     at maybeClose (internal/child_process.js:818:16)
14 verbose stack     at Process.ChildProcess._handle.onexit (internal/child_process.js:211:5)
15 verbose pkgid YUEZHU-WIT@0.0.1
16 verbose cwd /Users/Joey/Desktop/AllyPowersIntro
17 error Darwin 14.0.0
18 error argv "/usr/local/bin/node" "/usr/local/bin/npm" "start"
19 error node v4.1.2
20 error npm  v3.7.1
21 error code ELIFECYCLE
22 error YUEZHU-WIT@0.0.1 start: `gulp`
22 error Exit status 1
23 error Failed at the YUEZHU-WIT@0.0.1 start script 'gulp'.
23 error Make sure you have the latest version of node.js and npm installed.
23 error If you do, this is most likely a problem with the YUEZHU-WIT package,
23 error not with npm itself.
23 error Tell the author that this fails on your system:
23 error     gulp
23 error You can get information on how to open an issue for this project with:
23 error     npm bugs YUEZHU-WIT
23 error Or if that isn't available, you can get their info via:
23 error     npm owner ls YUEZHU-WIT
23 error There is likely additional logging output above.
24 verbose exit [ 1, true ]
